{"/Users/tomtra/ship-demo/heroku-demo/test/mocha/test_1.js":{"path":"/Users/tomtra/ship-demo/heroku-demo/test/mocha/test_1.js","s":{"1":1,"2":1,"3":1,"4":1,"5":1,"6":1,"7":1,"8":1,"9":1,"10":1,"11":1,"12":1,"13":1},"b":{},"f":{"1":1,"2":1,"3":1,"4":1,"5":1,"6":1},"fnMap":{"1":{"name":"(anonymous_1)","line":8,"loc":{"start":{"line":8,"column":18},"end":{"line":8,"column":29}}},"2":{"name":"(anonymous_2)","line":9,"loc":{"start":{"line":9,"column":47},"end":{"line":9,"column":62}}},"3":{"name":"(anonymous_3)","line":20,"loc":{"start":{"line":20,"column":18},"end":{"line":20,"column":29}}},"4":{"name":"(anonymous_4)","line":21,"loc":{"start":{"line":21,"column":56},"end":{"line":21,"column":71}}},"5":{"name":"(anonymous_5)","line":32,"loc":{"start":{"line":32,"column":18},"end":{"line":32,"column":29}}},"6":{"name":"(anonymous_6)","line":33,"loc":{"start":{"line":33,"column":52},"end":{"line":33,"column":67}}}},"statementMap":{"1":{"start":{"line":1,"column":0},"end":{"line":1,"column":27}},"2":{"start":{"line":2,"column":0},"end":{"line":2,"column":36}},"3":{"start":{"line":4,"column":0},"end":{"line":4,"column":27}},"4":{"start":{"line":6,"column":0},"end":{"line":6,"column":19}},"5":{"start":{"line":8,"column":0},"end":{"line":18,"column":3}},"6":{"start":{"line":9,"column":2},"end":{"line":17,"column":5}},"7":{"start":{"line":16,"column":4},"end":{"line":16,"column":11}},"8":{"start":{"line":20,"column":0},"end":{"line":30,"column":3}},"9":{"start":{"line":21,"column":2},"end":{"line":29,"column":5}},"10":{"start":{"line":28,"column":4},"end":{"line":28,"column":11}},"11":{"start":{"line":32,"column":0},"end":{"line":42,"column":3}},"12":{"start":{"line":33,"column":2},"end":{"line":41,"column":5}},"13":{"start":{"line":40,"column":4},"end":{"line":40,"column":11}}},"branchMap":{}},"/Users/tomtra/ship-demo/heroku-demo/test/mocha/test_2.js":{"path":"/Users/tomtra/ship-demo/heroku-demo/test/mocha/test_2.js","s":{"1":1,"2":1,"3":1,"4":1,"5":1,"6":1,"7":1,"8":1,"9":1,"10":1,"11":1,"12":1,"13":1,"14":1,"15":1,"16":1,"17":1,"18":1,"19":1},"b":{},"f":{"1":1,"2":1,"3":1,"4":1,"5":1,"6":1,"7":1,"8":1,"9":1,"10":1},"fnMap":{"1":{"name":"(anonymous_1)","line":8,"loc":{"start":{"line":8,"column":18},"end":{"line":8,"column":29}}},"2":{"name":"(anonymous_2)","line":9,"loc":{"start":{"line":9,"column":47},"end":{"line":9,"column":62}}},"3":{"name":"(anonymous_3)","line":20,"loc":{"start":{"line":20,"column":18},"end":{"line":20,"column":29}}},"4":{"name":"(anonymous_4)","line":21,"loc":{"start":{"line":21,"column":56},"end":{"line":21,"column":71}}},"5":{"name":"(anonymous_5)","line":32,"loc":{"start":{"line":32,"column":18},"end":{"line":32,"column":29}}},"6":{"name":"(anonymous_6)","line":33,"loc":{"start":{"line":33,"column":52},"end":{"line":33,"column":67}}},"7":{"name":"(anonymous_7)","line":44,"loc":{"start":{"line":44,"column":18},"end":{"line":44,"column":29}}},"8":{"name":"(anonymous_8)","line":45,"loc":{"start":{"line":45,"column":56},"end":{"line":45,"column":71}}},"9":{"name":"(anonymous_9)","line":56,"loc":{"start":{"line":56,"column":18},"end":{"line":56,"column":29}}},"10":{"name":"(anonymous_10)","line":57,"loc":{"start":{"line":57,"column":52},"end":{"line":57,"column":67}}}},"statementMap":{"1":{"start":{"line":1,"column":0},"end":{"line":1,"column":27}},"2":{"start":{"line":2,"column":0},"end":{"line":2,"column":36}},"3":{"start":{"line":4,"column":0},"end":{"line":4,"column":27}},"4":{"start":{"line":6,"column":0},"end":{"line":6,"column":19}},"5":{"start":{"line":8,"column":0},"end":{"line":18,"column":3}},"6":{"start":{"line":9,"column":2},"end":{"line":17,"column":5}},"7":{"start":{"line":16,"column":4},"end":{"line":16,"column":11}},"8":{"start":{"line":20,"column":0},"end":{"line":30,"column":3}},"9":{"start":{"line":21,"column":2},"end":{"line":29,"column":5}},"10":{"start":{"line":28,"column":4},"end":{"line":28,"column":11}},"11":{"start":{"line":32,"column":0},"end":{"line":42,"column":3}},"12":{"start":{"line":33,"column":2},"end":{"line":41,"column":5}},"13":{"start":{"line":40,"column":4},"end":{"line":40,"column":11}},"14":{"start":{"line":44,"column":0},"end":{"line":54,"column":3}},"15":{"start":{"line":45,"column":2},"end":{"line":53,"column":5}},"16":{"start":{"line":52,"column":4},"end":{"line":52,"column":11}},"17":{"start":{"line":56,"column":0},"end":{"line":66,"column":3}},"18":{"start":{"line":57,"column":2},"end":{"line":65,"column":5}},"19":{"start":{"line":64,"column":4},"end":{"line":64,"column":11}}},"branchMap":{}},"/Users/tomtra/ship-demo/heroku-demo/test/mocha/test_3.js":{"path":"/Users/tomtra/ship-demo/heroku-demo/test/mocha/test_3.js","s":{"1":1,"2":1,"3":1,"4":1,"5":1,"6":1,"7":1,"8":1,"9":1,"10":1,"11":1,"12":1,"13":1,"14":1,"15":1,"16":1},"b":{},"f":{"1":1,"2":1,"3":1,"4":1,"5":1,"6":1,"7":1,"8":1},"fnMap":{"1":{"name":"(anonymous_1)","line":8,"loc":{"start":{"line":8,"column":18},"end":{"line":8,"column":29}}},"2":{"name":"(anonymous_2)","line":9,"loc":{"start":{"line":9,"column":47},"end":{"line":9,"column":62}}},"3":{"name":"(anonymous_3)","line":20,"loc":{"start":{"line":20,"column":19},"end":{"line":20,"column":30}}},"4":{"name":"(anonymous_4)","line":21,"loc":{"start":{"line":21,"column":56},"end":{"line":21,"column":71}}},"5":{"name":"(anonymous_5)","line":32,"loc":{"start":{"line":32,"column":19},"end":{"line":32,"column":30}}},"6":{"name":"(anonymous_6)","line":33,"loc":{"start":{"line":33,"column":52},"end":{"line":33,"column":67}}},"7":{"name":"(anonymous_7)","line":44,"loc":{"start":{"line":44,"column":19},"end":{"line":44,"column":30}}},"8":{"name":"(anonymous_8)","line":45,"loc":{"start":{"line":45,"column":52},"end":{"line":45,"column":67}}}},"statementMap":{"1":{"start":{"line":1,"column":0},"end":{"line":1,"column":27}},"2":{"start":{"line":2,"column":0},"end":{"line":2,"column":36}},"3":{"start":{"line":4,"column":0},"end":{"line":4,"column":27}},"4":{"start":{"line":6,"column":0},"end":{"line":6,"column":19}},"5":{"start":{"line":8,"column":0},"end":{"line":18,"column":3}},"6":{"start":{"line":9,"column":2},"end":{"line":17,"column":5}},"7":{"start":{"line":16,"column":4},"end":{"line":16,"column":11}},"8":{"start":{"line":20,"column":0},"end":{"line":30,"column":3}},"9":{"start":{"line":21,"column":2},"end":{"line":29,"column":5}},"10":{"start":{"line":28,"column":4},"end":{"line":28,"column":11}},"11":{"start":{"line":32,"column":0},"end":{"line":42,"column":3}},"12":{"start":{"line":33,"column":2},"end":{"line":41,"column":5}},"13":{"start":{"line":40,"column":4},"end":{"line":40,"column":11}},"14":{"start":{"line":44,"column":0},"end":{"line":54,"column":3}},"15":{"start":{"line":45,"column":2},"end":{"line":53,"column":5}},"16":{"start":{"line":52,"column":4},"end":{"line":52,"column":11}}},"branchMap":{}},"/Users/tomtra/ship-demo/heroku-demo/test/mocha/test_4.js":{"path":"/Users/tomtra/ship-demo/heroku-demo/test/mocha/test_4.js","s":{"1":1,"2":1,"3":1,"4":1,"5":1,"6":1,"7":1,"8":1,"9":1,"10":1,"11":1,"12":1,"13":1,"14":1,"15":1,"16":1,"17":1,"18":1,"19":1,"20":1,"21":1,"22":1,"23":1,"24":1,"25":1,"26":1,"27":1,"28":1},"b":{},"f":{"1":1,"2":1,"3":1,"4":1,"5":1,"6":1,"7":1,"8":1,"9":1,"10":1,"11":1,"12":1,"13":1,"14":1,"15":1,"16":1},"fnMap":{"1":{"name":"(anonymous_1)","line":8,"loc":{"start":{"line":8,"column":19},"end":{"line":8,"column":30}}},"2":{"name":"(anonymous_2)","line":9,"loc":{"start":{"line":9,"column":47},"end":{"line":9,"column":62}}},"3":{"name":"(anonymous_3)","line":20,"loc":{"start":{"line":20,"column":19},"end":{"line":20,"column":30}}},"4":{"name":"(anonymous_4)","line":21,"loc":{"start":{"line":21,"column":56},"end":{"line":21,"column":71}}},"5":{"name":"(anonymous_5)","line":32,"loc":{"start":{"line":32,"column":19},"end":{"line":32,"column":30}}},"6":{"name":"(anonymous_6)","line":33,"loc":{"start":{"line":33,"column":52},"end":{"line":33,"column":67}}},"7":{"name":"(anonymous_7)","line":44,"loc":{"start":{"line":44,"column":19},"end":{"line":44,"column":30}}},"8":{"name":"(anonymous_8)","line":45,"loc":{"start":{"line":45,"column":47},"end":{"line":45,"column":62}}},"9":{"name":"(anonymous_9)","line":56,"loc":{"start":{"line":56,"column":19},"end":{"line":56,"column":30}}},"10":{"name":"(anonymous_10)","line":57,"loc":{"start":{"line":57,"column":56},"end":{"line":57,"column":71}}},"11":{"name":"(anonymous_11)","line":68,"loc":{"start":{"line":68,"column":19},"end":{"line":68,"column":30}}},"12":{"name":"(anonymous_12)","line":69,"loc":{"start":{"line":69,"column":52},"end":{"line":69,"column":67}}},"13":{"name":"(anonymous_13)","line":80,"loc":{"start":{"line":80,"column":19},"end":{"line":80,"column":30}}},"14":{"name":"(anonymous_14)","line":81,"loc":{"start":{"line":81,"column":56},"end":{"line":81,"column":71}}},"15":{"name":"(anonymous_15)","line":92,"loc":{"start":{"line":92,"column":19},"end":{"line":92,"column":30}}},"16":{"name":"(anonymous_16)","line":93,"loc":{"start":{"line":93,"column":52},"end":{"line":93,"column":67}}}},"statementMap":{"1":{"start":{"line":1,"column":0},"end":{"line":1,"column":27}},"2":{"start":{"line":2,"column":0},"end":{"line":2,"column":36}},"3":{"start":{"line":4,"column":0},"end":{"line":4,"column":27}},"4":{"start":{"line":6,"column":0},"end":{"line":6,"column":19}},"5":{"start":{"line":8,"column":0},"end":{"line":18,"column":3}},"6":{"start":{"line":9,"column":2},"end":{"line":17,"column":5}},"7":{"start":{"line":16,"column":4},"end":{"line":16,"column":11}},"8":{"start":{"line":20,"column":0},"end":{"line":30,"column":3}},"9":{"start":{"line":21,"column":2},"end":{"line":29,"column":5}},"10":{"start":{"line":28,"column":4},"end":{"line":28,"column":11}},"11":{"start":{"line":32,"column":0},"end":{"line":42,"column":3}},"12":{"start":{"line":33,"column":2},"end":{"line":41,"column":5}},"13":{"start":{"line":40,"column":4},"end":{"line":40,"column":11}},"14":{"start":{"line":44,"column":0},"end":{"line":54,"column":3}},"15":{"start":{"line":45,"column":2},"end":{"line":53,"column":5}},"16":{"start":{"line":52,"column":4},"end":{"line":52,"column":11}},"17":{"start":{"line":56,"column":0},"end":{"line":66,"column":3}},"18":{"start":{"line":57,"column":2},"end":{"line":65,"column":5}},"19":{"start":{"line":64,"column":4},"end":{"line":64,"column":11}},"20":{"start":{"line":68,"column":0},"end":{"line":78,"column":3}},"21":{"start":{"line":69,"column":2},"end":{"line":77,"column":5}},"22":{"start":{"line":76,"column":4},"end":{"line":76,"column":11}},"23":{"start":{"line":80,"column":0},"end":{"line":90,"column":3}},"24":{"start":{"line":81,"column":2},"end":{"line":89,"column":5}},"25":{"start":{"line":88,"column":4},"end":{"line":88,"column":11}},"26":{"start":{"line":92,"column":0},"end":{"line":102,"column":3}},"27":{"start":{"line":93,"column":2},"end":{"line":101,"column":5}},"28":{"start":{"line":100,"column":4},"end":{"line":100,"column":11}}},"branchMap":{}},"/Users/tomtra/ship-demo/heroku-demo/test/mocha/test_5.js":{"path":"/Users/tomtra/ship-demo/heroku-demo/test/mocha/test_5.js","s":{"1":1,"2":1,"3":1,"4":1,"5":1,"6":1,"7":1},"b":{},"f":{"1":1,"2":1},"fnMap":{"1":{"name":"(anonymous_1)","line":8,"loc":{"start":{"line":8,"column":19},"end":{"line":8,"column":30}}},"2":{"name":"(anonymous_2)","line":9,"loc":{"start":{"line":9,"column":47},"end":{"line":9,"column":62}}}},"statementMap":{"1":{"start":{"line":1,"column":0},"end":{"line":1,"column":27}},"2":{"start":{"line":2,"column":0},"end":{"line":2,"column":36}},"3":{"start":{"line":4,"column":0},"end":{"line":4,"column":27}},"4":{"start":{"line":6,"column":0},"end":{"line":6,"column":19}},"5":{"start":{"line":8,"column":0},"end":{"line":18,"column":3}},"6":{"start":{"line":9,"column":2},"end":{"line":17,"column":5}},"7":{"start":{"line":16,"column":4},"end":{"line":16,"column":11}}},"branchMap":{}}}