TN:
SF:/Users/tomtra/ship-demo/heroku-demo/test/mocha/test_1.js
FN:8,(anonymous_1)
FN:9,(anonymous_2)
FN:20,(anonymous_3)
FN:21,(anonymous_4)
FN:32,(anonymous_5)
FN:33,(anonymous_6)
FNF:6
FNH:6
FNDA:1,(anonymous_1)
FNDA:1,(anonymous_2)
FNDA:1,(anonymous_3)
FNDA:1,(anonymous_4)
FNDA:1,(anonymous_5)
FNDA:1,(anonymous_6)
DA:1,1
DA:2,1
DA:4,1
DA:6,1
DA:8,1
DA:9,1
DA:16,1
DA:20,1
DA:21,1
DA:28,1
DA:32,1
DA:33,1
DA:40,1
LF:13
LH:13
BRF:0
BRH:0
end_of_record
TN:
SF:/Users/tomtra/ship-demo/heroku-demo/test/mocha/test_2.js
FN:8,(anonymous_1)
FN:9,(anonymous_2)
FN:20,(anonymous_3)
FN:21,(anonymous_4)
FN:32,(anonymous_5)
FN:33,(anonymous_6)
FN:44,(anonymous_7)
FN:45,(anonymous_8)
FN:56,(anonymous_9)
FN:57,(anonymous_10)
FNF:10
FNH:10
FNDA:1,(anonymous_1)
FNDA:1,(anonymous_2)
FNDA:1,(anonymous_3)
FNDA:1,(anonymous_4)
FNDA:1,(anonymous_5)
FNDA:1,(anonymous_6)
FNDA:1,(anonymous_7)
FNDA:1,(anonymous_8)
FNDA:1,(anonymous_9)
FNDA:1,(anonymous_10)
DA:1,1
DA:2,1
DA:4,1
DA:6,1
DA:8,1
DA:9,1
DA:16,1
DA:20,1
DA:21,1
DA:28,1
DA:32,1
DA:33,1
DA:40,1
DA:44,1
DA:45,1
DA:52,1
DA:56,1
DA:57,1
DA:64,1
LF:19
LH:19
BRF:0
BRH:0
end_of_record
TN:
SF:/Users/tomtra/ship-demo/heroku-demo/test/mocha/test_3.js
FN:8,(anonymous_1)
FN:9,(anonymous_2)
FN:20,(anonymous_3)
FN:21,(anonymous_4)
FN:32,(anonymous_5)
FN:33,(anonymous_6)
FN:44,(anonymous_7)
FN:45,(anonymous_8)
FNF:8
FNH:8
FNDA:1,(anonymous_1)
FNDA:1,(anonymous_2)
FNDA:1,(anonymous_3)
FNDA:1,(anonymous_4)
FNDA:1,(anonymous_5)
FNDA:1,(anonymous_6)
FNDA:1,(anonymous_7)
FNDA:1,(anonymous_8)
DA:1,1
DA:2,1
DA:4,1
DA:6,1
DA:8,1
DA:9,1
DA:16,1
DA:20,1
DA:21,1
DA:28,1
DA:32,1
DA:33,1
DA:40,1
DA:44,1
DA:45,1
DA:52,1
LF:16
LH:16
BRF:0
BRH:0
end_of_record
TN:
SF:/Users/tomtra/ship-demo/heroku-demo/test/mocha/test_4.js
FN:8,(anonymous_1)
FN:9,(anonymous_2)
FN:20,(anonymous_3)
FN:21,(anonymous_4)
FN:32,(anonymous_5)
FN:33,(anonymous_6)
FN:44,(anonymous_7)
FN:45,(anonymous_8)
FN:56,(anonymous_9)
FN:57,(anonymous_10)
FN:68,(anonymous_11)
FN:69,(anonymous_12)
FN:80,(anonymous_13)
FN:81,(anonymous_14)
FN:92,(anonymous_15)
FN:93,(anonymous_16)
FNF:16
FNH:16
FNDA:1,(anonymous_1)
FNDA:1,(anonymous_2)
FNDA:1,(anonymous_3)
FNDA:1,(anonymous_4)
FNDA:1,(anonymous_5)
FNDA:1,(anonymous_6)
FNDA:1,(anonymous_7)
FNDA:1,(anonymous_8)
FNDA:1,(anonymous_9)
FNDA:1,(anonymous_10)
FNDA:1,(anonymous_11)
FNDA:1,(anonymous_12)
FNDA:1,(anonymous_13)
FNDA:1,(anonymous_14)
FNDA:1,(anonymous_15)
FNDA:1,(anonymous_16)
DA:1,1
DA:2,1
DA:4,1
DA:6,1
DA:8,1
DA:9,1
DA:16,1
DA:20,1
DA:21,1
DA:28,1
DA:32,1
DA:33,1
DA:40,1
DA:44,1
DA:45,1
DA:52,1
DA:56,1
DA:57,1
DA:64,1
DA:68,1
DA:69,1
DA:76,1
DA:80,1
DA:81,1
DA:88,1
DA:92,1
DA:93,1
DA:100,1
LF:28
LH:28
BRF:0
BRH:0
end_of_record
TN:
SF:/Users/tomtra/ship-demo/heroku-demo/test/mocha/test_5.js
FN:8,(anonymous_1)
FN:9,(anonymous_2)
FNF:2
FNH:2
FNDA:1,(anonymous_1)
FNDA:1,(anonymous_2)
DA:1,1
DA:2,1
DA:4,1
DA:6,1
DA:8,1
DA:9,1
DA:16,1
LF:7
LH:7
BRF:0
BRH:0
end_of_record
